  [1m[35m (12.6ms)[0m  [1m[35mCREATE DATABASE `rails_todo_api` DEFAULT CHARACTER SET `utf8mb4`[0m
  [1m[35m (6.1ms)[0m  [1m[35mCREATE DATABASE `rails_todo_api_test` DEFAULT CHARACTER SET `utf8mb4`[0m
  [1m[35m (34.3ms)[0m  [1m[35mDROP DATABASE IF EXISTS `rails_todo_api_test`[0m
  [1m[35m (5.1ms)[0m  [1m[35mCREATE DATABASE `rails_todo_api_dev` DEFAULT CHARACTER SET `utf8mb4`[0m
  [1m[35m (5.4ms)[0m  [1m[35mCREATE DATABASE `rails_todo_api_test` DEFAULT CHARACTER SET `utf8mb4`[0m
  [1m[36mTRANSACTION (1.5ms)[0m  [1m[35mBEGIN[0m
  [1m[36mUser Create (39.7ms)[0m  [1m[32mINSERT INTO `users` (`name`, `password_digest`, `created_at`, `updated_at`) VALUES ('yuto', '$2a$12$fEQYKvcCliCOEv9Z8WDXIOUyHUVePShRmq4WL2egaSJvs1T4BzdhG', '2024-06-27 03:34:23.948871', '2024-06-27 03:34:23.948871')[0m
  [1m[36mTRANSACTION (12.8ms)[0m  [1m[35mCOMMIT[0m
Started POST "/register" for 172.23.0.1 at 2024-06-27 03:36:39 +0000
  [1m[35m (185.3ms)[0m  [1m[35mCREATE TABLE `schema_migrations` (`version` varchar(255) NOT NULL PRIMARY KEY)[0m
  [1m[35m (29.3ms)[0m  [1m[35mCREATE TABLE `ar_internal_metadata` (`key` varchar(255) NOT NULL PRIMARY KEY, `value` varchar(255), `created_at` datetime(6) NOT NULL, `updated_at` datetime(6) NOT NULL)[0m
  [1m[36mActiveRecord::SchemaMigration Load (14.9ms)[0m  [1m[34mSELECT `schema_migrations`.`version` FROM `schema_migrations` ORDER BY `schema_migrations`.`version` ASC[0m
  
SyntaxError (/app/app/controllers/users_controller.rb:11: syntax error, unexpected end-of-input, expecting `end' or dummy end):
  
app/controllers/users_controller.rb:11: syntax error, unexpected end-of-input, expecting `end' or dummy end
Started POST "/register" for 172.23.0.1 at 2024-06-27 03:37:50 +0000
Processing by UsersController#create as */*
  Parameters: {"name"=>"yuto", "password"=>"[FILTERED]", "user"=>{"name"=>"yuto"}}
Completed 500 Internal Server Error in 49ms (ActiveRecord: 15.7ms | Allocations: 3279)


  
ArgumentError (wrong number of arguments (given 2, expected 0..1)):
  
app/controllers/users_controller.rb:4:in `create'
Started POST "/register" for 172.23.0.1 at 2024-06-27 03:41:16 +0000
Processing by UsersController#create as */*
  Parameters: {"name"=>"yuto", "password"=>"[FILTERED]", "user"=>{"name"=>"yuto"}}
Completed 500 Internal Server Error in 0ms (ActiveRecord: 5.4ms | Allocations: 140)


  
ArgumentError (wrong number of arguments (given 2, expected 0..1)):
  
app/controllers/users_controller.rb:4:in `create'
Started POST "/register" for 172.23.0.1 at 2024-06-27 03:42:52 +0000
Processing by UsersController#create as */*
  Parameters: {"name"=>"yuto", "password"=>"[FILTERED]", "user"=>{"name"=>"yuto"}}
  [1m[36mTRANSACTION (0.3ms)[0m  [1m[35mBEGIN[0m
  ↳ app/controllers/users_controller.rb:6:in `create'
  [1m[36mUser Create (8.6ms)[0m  [1m[32mINSERT INTO `users` (`name`, `password_digest`, `created_at`, `updated_at`) VALUES ('yuto', '$2a$12$cJti9NNVwZCYiHe5nrfkBecJjnxxw/SaYftJxsVhMnoCSXCz58uoS', '2024-06-27 03:42:53.172328', '2024-06-27 03:42:53.172328')[0m
  ↳ app/controllers/users_controller.rb:6:in `create'
  [1m[36mTRANSACTION (3.3ms)[0m  [1m[35mCOMMIT[0m
  ↳ app/controllers/users_controller.rb:6:in `create'
Completed 201 Created in 262ms (Views: 0.4ms | ActiveRecord: 17.2ms | Allocations: 10146)


Started POST "/register" for 172.23.0.1 at 2024-06-27 03:50:07 +0000
Processing by UsersController#create as */*
  Parameters: {"name"=>"yuto2", "password"=>"[FILTERED]", "user"=>{"name"=>"yuto2"}}
Completed 422 Unprocessable Content in 91ms (Views: 86.6ms | ActiveRecord: 0.0ms | Allocations: 4934)


Started POST "/register" for 172.23.0.1 at 2024-06-27 03:50:22 +0000
Processing by UsersController#create as */*
  Parameters: {"name"=>"yuto2", "password"=>"[FILTERED]", "user"=>{"name"=>"yuto2"}}
Completed 422 Unprocessable Content in 2ms (Views: 0.6ms | ActiveRecord: 0.0ms | Allocations: 462)


Started POST "/register" for 172.23.0.1 at 2024-06-27 03:51:50 +0000
Processing by UsersController#create as */*
  Parameters: {"name"=>"yuto2", "password"=>"[FILTERED]", "user"=>{"name"=>"yuto2"}}
  [1m[36mTRANSACTION (0.5ms)[0m  [1m[35mBEGIN[0m
  ↳ app/controllers/users_controller.rb:6:in `create'
  [1m[36mUser Create (5.7ms)[0m  [1m[32mINSERT INTO `users` (`name`, `password_digest`, `created_at`, `updated_at`) VALUES ('yuto2', '$2a$12$YI3Qb/XVeobSx3lu1EumQOG0hURveSzoOuJxVNDxc3PbjqlXjZ.5i', '2024-06-27 03:51:50.336448', '2024-06-27 03:51:50.336448')[0m
  ↳ app/controllers/users_controller.rb:6:in `create'
  [1m[36mTRANSACTION (3.2ms)[0m  [1m[35mCOMMIT[0m
  ↳ app/controllers/users_controller.rb:6:in `create'
Completed 201 Created in 225ms (Views: 0.3ms | ActiveRecord: 34.1ms | Allocations: 3839)


Started POST "/register" for 172.23.0.1 at 2024-06-27 03:52:50 +0000
Processing by UsersController#create as */*
  Parameters: {"name"=>"yuto3", "password"=>"[FILTERED]", "user"=>{"name"=>"yuto3"}}
[31mUnpermitted parameter: :user. Context: { controller: UsersController, action: create, request: #<ActionDispatch::Request:0x00007f58e757fc00>, params: {"name"=>"yuto3", "password"=>"[FILTERED]", "controller"=>"users", "action"=>"create", "user"=>{"name"=>"yuto3"}} }[0m
  [1m[36mTRANSACTION (0.4ms)[0m  [1m[35mBEGIN[0m
  ↳ app/controllers/users_controller.rb:6:in `create'
  [1m[36mUser Create (5.4ms)[0m  [1m[32mINSERT INTO `users` (`name`, `password_digest`, `created_at`, `updated_at`) VALUES ('yuto3', '$2a$12$NGwZ8JUWKGBSubFX8uMFQ.SV0DZTKdT8Kht0GuqQTXnF.05nrbNcq', '2024-06-27 03:52:51.074512', '2024-06-27 03:52:51.074512')[0m
  ↳ app/controllers/users_controller.rb:6:in `create'
  [1m[36mTRANSACTION (1.2ms)[0m  [1m[35mCOMMIT[0m
  ↳ app/controllers/users_controller.rb:6:in `create'
Completed 201 Created in 218ms (Views: 0.3ms | ActiveRecord: 11.6ms | Allocations: 4013)


